<?xml version="1.0" encoding="UTF-8"?>
<testng-results ignored="0" total="0" passed="0" failed="0" skipped="0">
  <reporter-output>
  </reporter-output>
  <suite started-at="2025-09-16T16:10:13 IST" name="Ecommerse Suite" finished-at="2025-09-16T16:10:13 IST" duration-ms="21">
    <groups>
    </groups>
    <test started-at="2025-09-16T16:10:13 IST" name="Runner Tests" finished-at="2025-09-16T16:10:13 IST" duration-ms="21">
    </test> <!-- Runner Tests -->
  </suite> <!-- Ecommerse Suite -->
</testng-results>
